make --dry-run --always-make --keep-going --print-directory
make: Entering directory `/Users/husky/Three-Year-Aut/编译原理/lecture1008/code'
 
COQDEP VFILES
 
*** Warning: in file logic.v, library PL.InductiveType is required and has not been found in the loadpath!

coq_makefile -f _CoqProject CoqIntro.v SyntaxInCoq.v denotationalSemantics.v logic.v -o Makefile
 
make: Leaving directory `/Users/husky/Three-Year-Aut/编译原理/lecture1008/code'
 
make: Entering directory `/Users/husky/Three-Year-Aut/编译原理/lecture1008/code'
/Applications/Xcode.app/Contents/Developer/usr/bin/make --no-print-directory -f "Makefile" pre-all
 
COQDEP VFILES
 
*** Warning: in file logic.v, library PL.InductiveType is required and has not been found in the loadpath!

coq_makefile -f _CoqProject CoqIntro.v SyntaxInCoq.v denotationalSemantics.v logic.v -o Makefile
 
# Extension point
if [ "8.18+rc1" != "8.18+rc1" ]; then\
	  echo "W: This Makefile was generated by Coq 8.18+rc1";\
	  echo "W: while the current Coq version is 8.18+rc1";\
	fi
 
/Applications/Xcode.app/Contents/Developer/usr/bin/make --no-print-directory -f "Makefile" real-all
 
COQDEP VFILES
 
*** Warning: in file logic.v, library PL.InductiveType is required and has not been found in the loadpath!

coq_makefile -f _CoqProject CoqIntro.v SyntaxInCoq.v denotationalSemantics.v logic.v -o Makefile
 
echo ""COQC CoqIntro.v
"coqc"   -q   "-w" "-deprecated-native-compiler-option" "-native-compiler" "no" -Q . PL  CoqIntro.v
echo ""COQC SyntaxInCoq.v
"coqc"   -q   "-w" "-deprecated-native-compiler-option" "-native-compiler" "no" -Q . PL  SyntaxInCoq.v
echo ""COQC denotationalSemantics.v
"coqc"   -q   "-w" "-deprecated-native-compiler-option" "-native-compiler" "no" -Q . PL  denotationalSemantics.v
echo ""COQC logic.v
"coqc"   -q   "-w" "-deprecated-native-compiler-option" "-native-compiler" "no" -Q . PL  logic.v
 
/Applications/Xcode.app/Contents/Developer/usr/bin/make --no-print-directory -f "Makefile" post-all
 
COQDEP VFILES
 
*** Warning: in file logic.v, library PL.InductiveType is required and has not been found in the loadpath!

coq_makefile -f _CoqProject CoqIntro.v SyntaxInCoq.v denotationalSemantics.v logic.v -o Makefile
 
# Extension point
 
make: Leaving directory `/Users/husky/Three-Year-Aut/编译原理/lecture1008/code'
 
