make --dry-run --always-make --keep-going --print-directory
make: Entering directory `/Users/husky/Three-Year-Aut/CS2612-Programming-Languages-and-Compilers/Homeworks/Hw6/Code'
 
COQDEP VFILES
 
coq_makefile -f _CoqProject Assignment1008a.v Assignment1008b.v SyntaxInCoq.v -o Makefile
 
make: Leaving directory `/Users/husky/Three-Year-Aut/CS2612-Programming-Languages-and-Compilers/Homeworks/Hw6/Code'
 
make: Entering directory `/Users/husky/Three-Year-Aut/CS2612-Programming-Languages-and-Compilers/Homeworks/Hw6/Code'
/Applications/Xcode.app/Contents/Developer/usr/bin/make --no-print-directory -f "Makefile" pre-all
 
COQDEP VFILES
 
coq_makefile -f _CoqProject Assignment1008a.v Assignment1008b.v SyntaxInCoq.v -o Makefile
 
# Extension point
if [ "8.18+rc1" != "8.18+rc1" ]; then\
	  echo "W: This Makefile was generated by Coq 8.18+rc1";\
	  echo "W: while the current Coq version is 8.18+rc1";\
	fi
 
/Applications/Xcode.app/Contents/Developer/usr/bin/make --no-print-directory -f "Makefile" real-all
 
COQDEP VFILES
 
coq_makefile -f _CoqProject Assignment1008a.v Assignment1008b.v SyntaxInCoq.v -o Makefile
 
echo ""COQC SyntaxInCoq.v
"coqc"   -q   "-w" "-deprecated-native-compiler-option" "-native-compiler" "no" -Q . PL  SyntaxInCoq.v
echo ""COQC Assignment1008a.v
"coqc"   -q   "-w" "-deprecated-native-compiler-option" "-native-compiler" "no" -Q . PL  Assignment1008a.v
echo ""COQC Assignment1008b.v
"coqc"   -q   "-w" "-deprecated-native-compiler-option" "-native-compiler" "no" -Q . PL  Assignment1008b.v
 
/Applications/Xcode.app/Contents/Developer/usr/bin/make --no-print-directory -f "Makefile" post-all
 
COQDEP VFILES
 
coq_makefile -f _CoqProject Assignment1008a.v Assignment1008b.v SyntaxInCoq.v -o Makefile
 
# Extension point
 
make: Leaving directory `/Users/husky/Three-Year-Aut/CS2612-Programming-Languages-and-Compilers/Homeworks/Hw6/Code'
 
